[20:18:42] [ServerMain/INFO]: Environment: Environment[sessionHost=https://sessionserver.mojang.com, servicesHost=https://api.minecraftservices.com, profilesHost=https://api.mojang.com, name=PROD]
[20:18:49] [ServerMain/INFO]: Loaded 1461 recipes
[20:18:49] [ServerMain/INFO]: Loaded 1574 advancements
[20:18:49] [Server thread/INFO]: Starting minecraft server version 1.21.10
[20:18:49] [Server thread/INFO]: Loading properties
[20:18:49] [Server thread/INFO]: Default game type: SURVIVAL
[20:18:49] [Server thread/INFO]: Generating keypair
[20:18:49] [Server thread/INFO]: Starting Minecraft server on *:25565
[20:18:50] [Server thread/INFO]: Using default channel type
[20:18:50] [Server thread/WARN]: **** SERVER IS RUNNING IN OFFLINE/INSECURE MODE!
[20:18:50] [Server thread/WARN]: The server will make no attempt to authenticate usernames. Beware.
[20:18:50] [Server thread/WARN]: While this makes the game possible to play without internet access, it also opens up the ability for hackers to connect with any username they choose.
[20:18:50] [Server thread/WARN]: To change this, set "online-mode" to "true" in the server.properties file.
[20:18:50] [Server thread/INFO]: Preparing level "world"
[20:18:51] [Server thread/INFO]: Loading 0 persistent chunks...
[20:18:51] [Server thread/INFO]: Preparing spawn area: 100%
[20:18:51] [Server thread/INFO]: Time elapsed: 138 ms
[20:18:51] [Server thread/INFO]: Done (1.314s)! For help, type "help"
[20:19:51] [Server thread/INFO]: Server empty for 60 seconds, pausing
[20:21:02] [Server thread/INFO]: mrworld12[/127.0.0.1:57400] logged in with entity id 15 at (19.5, 74.0, -6.5)
[20:21:02] [Server thread/INFO]: mrworld12 joined the game
[20:21:39] [Server thread/WARN]: Can't keep up! Is the server overloaded? Running 2277ms or 45 ticks behind
[20:31:59] [Server thread/INFO]: mrworld12 was slain by Zombie
